<?xml version="1.0" encoding="UTF-8"?>
<coverage generated="1743318722913" clover="3.2.0">
  <project timestamp="1743318722913" name="All files">
    <metrics statements="70" coveredstatements="61" conditionals="8" coveredconditionals="5" methods="15" coveredmethods="14" elements="93" coveredelements="80" complexity="0" loc="70" ncloc="70" packages="5" files="6" classes="6"/>
    <package name="clients">
      <metrics statements="10" coveredstatements="7" conditionals="1" coveredconditionals="0" methods="1" coveredmethods="1"/>
      <file name="records-client.ts" path="/Users/dennis.okeeffe/code/okeeffed/spike-testcontainers-jest/src/clients/records-client.ts">
        <metrics statements="10" coveredstatements="7" conditionals="1" coveredconditionals="0" methods="1" coveredmethods="1"/>
        <line num="1" count="1" type="stmt"/>
        <line num="2" count="1" type="stmt"/>
        <line num="3" count="1" type="stmt"/>
        <line num="15" count="1" type="stmt"/>
        <line num="22" count="4" type="stmt"/>
        <line num="23" count="4" type="stmt"/>
        <line num="24" count="4" type="stmt"/>
        <line num="28" count="0" type="cond" truecount="0" falsecount="1"/>
        <line num="29" count="0" type="stmt"/>
        <line num="32" count="0" type="stmt"/>
      </file>
    </package>
    <package name="errors">
      <metrics statements="5" coveredstatements="1" conditionals="0" coveredconditionals="0" methods="1" coveredmethods="0"/>
      <file name="axios-error.ts" path="/Users/dennis.okeeffe/code/okeeffed/spike-testcontainers-jest/src/errors/axios-error.ts">
        <metrics statements="5" coveredstatements="1" conditionals="0" coveredconditionals="0" methods="1" coveredmethods="0"/>
        <line num="3" count="1" type="stmt"/>
        <line num="4" count="0" type="stmt"/>
        <line num="10" count="0" type="stmt"/>
        <line num="11" count="0" type="stmt"/>
        <line num="12" count="0" type="stmt"/>
      </file>
    </package>
    <package name="lib">
      <metrics statements="8" coveredstatements="8" conditionals="1" coveredconditionals="1" methods="1" coveredmethods="1"/>
      <file name="keyv.ts" path="/Users/dennis.okeeffe/code/okeeffed/spike-testcontainers-jest/src/lib/keyv.ts">
        <metrics statements="6" coveredstatements="6" conditionals="1" coveredconditionals="1" methods="1" coveredmethods="1"/>
        <line num="2" count="2" type="stmt"/>
        <line num="4" count="2" type="stmt"/>
        <line num="6" count="2" type="stmt"/>
        <line num="7" count="28" type="cond" truecount="1" falsecount="0"/>
        <line num="9" count="2" type="stmt"/>
        <line num="11" count="28" type="stmt"/>
      </file>
      <file name="prisma.ts" path="/Users/dennis.okeeffe/code/okeeffed/spike-testcontainers-jest/src/lib/prisma.ts">
        <metrics statements="2" coveredstatements="2" conditionals="0" coveredconditionals="0" methods="0" coveredmethods="0"/>
        <line num="1" count="2" type="stmt"/>
        <line num="3" count="2" type="stmt"/>
      </file>
    </package>
    <package name="repositories">
      <metrics statements="31" coveredstatements="31" conditionals="4" coveredconditionals="4" methods="6" coveredmethods="6"/>
      <file name="blog-repository.ts" path="/Users/dennis.okeeffe/code/okeeffed/spike-testcontainers-jest/src/repositories/blog-repository.ts">
        <metrics statements="31" coveredstatements="31" conditionals="4" coveredconditionals="4" methods="6" coveredmethods="6"/>
        <line num="3" count="2" type="stmt"/>
        <line num="4" count="2" type="stmt"/>
        <line num="7" count="2" type="stmt"/>
        <line num="12" count="13" type="stmt"/>
        <line num="13" count="13" type="stmt"/>
        <line num="17" count="7" type="stmt"/>
        <line num="25" count="7" type="stmt"/>
        <line num="29" count="2" type="stmt"/>
        <line num="31" count="2" type="stmt"/>
        <line num="40" count="2" type="stmt"/>
        <line num="44" count="4" type="stmt"/>
        <line num="45" count="4" type="cond" truecount="1" falsecount="0"/>
        <line num="46" count="1" type="stmt"/>
        <line num="49" count="3" type="stmt"/>
        <line num="55" count="3" type="stmt"/>
        <line num="56" count="3" type="stmt"/>
        <line num="60" count="4" type="stmt"/>
        <line num="61" count="4" type="stmt"/>
        <line num="62" count="4" type="cond" truecount="1" falsecount="0"/>
        <line num="63" count="1" type="stmt"/>
        <line num="66" count="3" type="stmt"/>
        <line num="72" count="3" type="stmt"/>
        <line num="73" count="3" type="stmt"/>
        <line num="77" count="4" type="stmt"/>
        <line num="78" count="4" type="cond" truecount="1" falsecount="0"/>
        <line num="79" count="1" type="stmt"/>
        <line num="81" count="1" type="cond" truecount="1" falsecount="0"/>
        <line num="82" count="1" type="stmt"/>
        <line num="86" count="3" type="stmt"/>
        <line num="87" count="3" type="stmt"/>
        <line num="88" count="3" type="stmt"/>
      </file>
    </package>
    <package name="services">
      <metrics statements="16" coveredstatements="14" conditionals="2" coveredconditionals="0" methods="6" coveredmethods="6"/>
      <file name="blog-service.ts" path="/Users/dennis.okeeffe/code/okeeffed/spike-testcontainers-jest/src/services/blog-service.ts">
        <metrics statements="16" coveredstatements="14" conditionals="2" coveredconditionals="0" methods="6" coveredmethods="6"/>
        <line num="5" count="1" type="stmt"/>
        <line num="10" count="5" type="stmt"/>
        <line num="11" count="5" type="stmt"/>
        <line num="15" count="3" type="stmt"/>
        <line num="17" count="3" type="cond" truecount="0" falsecount="1"/>
        <line num="18" count="0" type="stmt"/>
        <line num="22" count="3" type="stmt"/>
        <line num="28" count="3" type="stmt"/>
        <line num="32" count="1" type="stmt"/>
        <line num="34" count="1" type="cond" truecount="0" falsecount="1"/>
        <line num="35" count="0" type="stmt"/>
        <line num="39" count="1" type="stmt"/>
        <line num="44" count="1" type="stmt"/>
        <line num="48" count="1" type="stmt"/>
        <line num="52" count="1" type="stmt"/>
        <line num="56" count="1" type="stmt"/>
      </file>
    </package>
  </project>
</coverage>
