{"/Users/dennis.okeeffe/code/okeeffed/spike-testcontainers-jest/src/clients/records-client.ts": {"path":"/Users/dennis.okeeffe/code/okeeffed/spike-testcontainers-jest/src/clients/records-client.ts","statementMap":{"0":{"start":{"line":1,"column":0},"end":{"line":1,"column":44}},"1":{"start":{"line":2,"column":0},"end":{"line":2,"column":36}},"2":{"start":{"line":3,"column":0},"end":{"line":3,"column":51}},"3":{"start":{"line":22,"column":2},"end":{"line":33,"column":3}},"4":{"start":{"line":23,"column":18},"end":{"line":23,"column":98}},"5":{"start":{"line":24,"column":3},"end":{"line":26,"column":null}},"6":{"start":{"line":28,"column":3},"end":{"line":30,"column":4}},"7":{"start":{"line":29,"column":4},"end":{"line":29,"column":null}},"8":{"start":{"line":32,"column":3},"end":{"line":32,"column":null}},"9":{"start":{"line":15,"column":0},"end":{"line":15,"column":13}}},"fnMap":{"0":{"name":"(anonymous_9)","decl":{"start":{"line":21,"column":1},"end":{"line":21,"column":6}},"loc":{"start":{"line":21,"column":39},"end":{"line":34,"column":2}}}},"branchMap":{"0":{"loc":{"start":{"line":28,"column":3},"end":{"line":30,"column":4}},"type":"if","locations":[{"start":{"line":28,"column":3},"end":{"line":30,"column":4}}]}},"s":{"0":1,"1":1,"2":1,"3":4,"4":4,"5":4,"6":0,"7":0,"8":0,"9":1},"f":{"0":4},"b":{"0":[0]}}
,"/Users/dennis.okeeffe/code/okeeffed/spike-testcontainers-jest/src/errors/axios-error.ts": {"path":"/Users/dennis.okeeffe/code/okeeffed/spike-testcontainers-jest/src/errors/axios-error.ts","statementMap":{"0":{"start":{"line":4,"column":17},"end":{"line":4,"column":29}},"1":{"start":{"line":10,"column":2},"end":{"line":10,"column":19}},"2":{"start":{"line":11,"column":2},"end":{"line":11,"column":23}},"3":{"start":{"line":12,"column":2},"end":{"line":12,"column":25}},"4":{"start":{"line":3,"column":0},"end":{"line":3,"column":13}}},"fnMap":{"0":{"name":"(anonymous_0)","decl":{"start":{"line":9,"column":1},"end":{"line":9,"column":13}},"loc":{"start":{"line":9,"column":111},"end":{"line":13,"column":2}}}},"branchMap":{},"s":{"0":0,"1":0,"2":0,"3":0,"4":1},"f":{"0":0},"b":{}}
,"/Users/dennis.okeeffe/code/okeeffed/spike-testcontainers-jest/src/lib/keyv.ts": {"path":"/Users/dennis.okeeffe/code/okeeffed/spike-testcontainers-jest/src/lib/keyv.ts","statementMap":{"0":{"start":{"line":6,"column":0},"end":{"line":6,"column":16}},"1":{"start":{"line":2,"column":0},"end":{"line":2,"column":42}},"2":{"start":{"line":4,"column":32},"end":{"line":4,"column":36}},"3":{"start":{"line":7,"column":1},"end":{"line":10,"column":2}},"4":{"start":{"line":9,"column":2},"end":{"line":9,"column":null}},"5":{"start":{"line":11,"column":1},"end":{"line":11,"column":21}}},"fnMap":{"0":{"name":"getKeyv","decl":{"start":{"line":6,"column":16},"end":{"line":6,"column":23}},"loc":{"start":{"line":6,"column":23},"end":{"line":12,"column":1}}}},"branchMap":{"0":{"loc":{"start":{"line":7,"column":1},"end":{"line":10,"column":2}},"type":"if","locations":[{"start":{"line":7,"column":1},"end":{"line":10,"column":2}}]}},"s":{"0":2,"1":2,"2":2,"3":28,"4":2,"5":28},"f":{"0":28},"b":{"0":[2]}}
,"/Users/dennis.okeeffe/code/okeeffed/spike-testcontainers-jest/src/lib/prisma.ts": {"path":"/Users/dennis.okeeffe/code/okeeffed/spike-testcontainers-jest/src/lib/prisma.ts","statementMap":{"0":{"start":{"line":1,"column":0},"end":{"line":1,"column":45}},"1":{"start":{"line":3,"column":13},"end":{"line":3,"column":null}}},"fnMap":{},"branchMap":{},"s":{"0":2,"1":2},"f":{},"b":{}}
,"/Users/dennis.okeeffe/code/okeeffed/spike-testcontainers-jest/src/repositories/blog-repository.ts": {"path":"/Users/dennis.okeeffe/code/okeeffed/spike-testcontainers-jest/src/repositories/blog-repository.ts","statementMap":{"0":{"start":{"line":3,"column":0},"end":{"line":3,"column":32}},"1":{"start":{"line":4,"column":0},"end":{"line":4,"column":120}},"2":{"start":{"line":12,"column":2},"end":{"line":12,"column":39}},"3":{"start":{"line":13,"column":2},"end":{"line":13,"column":33}},"4":{"start":{"line":17,"column":15},"end":{"line":23,"column":4}},"5":{"start":{"line":25,"column":2},"end":{"line":25,"column":18}},"6":{"start":{"line":29,"column":2},"end":{"line":29,"column":50}},"7":{"start":{"line":31,"column":15},"end":{"line":38,"column":4}},"8":{"start":{"line":40,"column":2},"end":{"line":40,"column":18}},"9":{"start":{"line":44,"column":23},"end":{"line":44,"column":67}},"10":{"start":{"line":45,"column":2},"end":{"line":47,"column":3}},"11":{"start":{"line":46,"column":3},"end":{"line":46,"column":74}},"12":{"start":{"line":49,"column":15},"end":{"line":53,"column":4}},"13":{"start":{"line":55,"column":2},"end":{"line":55,"column":84}},"14":{"start":{"line":56,"column":2},"end":{"line":56,"column":46}},"15":{"start":{"line":60,"column":14},"end":{"line":60,"column":52}},"16":{"start":{"line":61,"column":23},"end":{"line":61,"column":54}},"17":{"start":{"line":62,"column":2},"end":{"line":64,"column":3}},"18":{"start":{"line":63,"column":3},"end":{"line":63,"column":66}},"19":{"start":{"line":66,"column":16},"end":{"line":70,"column":4}},"20":{"start":{"line":72,"column":2},"end":{"line":72,"column":72}},"21":{"start":{"line":73,"column":2},"end":{"line":73,"column":47}},"22":{"start":{"line":77,"column":23},"end":{"line":77,"column":61}},"23":{"start":{"line":78,"column":2},"end":{"line":84,"column":3}},"24":{"start":{"line":79,"column":24},"end":{"line":79,"column":88}},"25":{"start":{"line":81,"column":3},"end":{"line":83,"column":4}},"26":{"start":{"line":82,"column":4},"end":{"line":82,"column":60}},"27":{"start":{"line":86,"column":19},"end":{"line":86,"column":62}},"28":{"start":{"line":87,"column":2},"end":{"line":87,"column":82}},"29":{"start":{"line":88,"column":2},"end":{"line":88,"column":50}},"30":{"start":{"line":7,"column":0},"end":{"line":7,"column":13}}},"fnMap":{"0":{"name":"(anonymous_0)","decl":{"start":{"line":11,"column":1},"end":{"line":11,"column":13}},"loc":{"start":{"line":11,"column":65},"end":{"line":14,"column":2}}},"1":{"name":"(anonymous_1)","decl":{"start":{"line":16,"column":1},"end":{"line":16,"column":6}},"loc":{"start":{"line":16,"column":47},"end":{"line":26,"column":2}}},"2":{"name":"(anonymous_2)","decl":{"start":{"line":28,"column":1},"end":{"line":28,"column":6}},"loc":{"start":{"line":28,"column":55},"end":{"line":41,"column":2}}},"3":{"name":"(anonymous_3)","decl":{"start":{"line":43,"column":1},"end":{"line":43,"column":6}},"loc":{"start":{"line":43,"column":43},"end":{"line":57,"column":2}}},"4":{"name":"(anonymous_4)","decl":{"start":{"line":59,"column":1},"end":{"line":59,"column":6}},"loc":{"start":{"line":59,"column":45},"end":{"line":74,"column":2}}},"5":{"name":"(anonymous_5)","decl":{"start":{"line":76,"column":1},"end":{"line":76,"column":6}},"loc":{"start":{"line":76,"column":18},"end":{"line":89,"column":2}}}},"branchMap":{"0":{"loc":{"start":{"line":45,"column":2},"end":{"line":47,"column":3}},"type":"if","locations":[{"start":{"line":45,"column":2},"end":{"line":47,"column":3}}]},"1":{"loc":{"start":{"line":62,"column":2},"end":{"line":64,"column":3}},"type":"if","locations":[{"start":{"line":62,"column":2},"end":{"line":64,"column":3}}]},"2":{"loc":{"start":{"line":78,"column":2},"end":{"line":84,"column":3}},"type":"if","locations":[{"start":{"line":78,"column":2},"end":{"line":84,"column":3}}]},"3":{"loc":{"start":{"line":81,"column":3},"end":{"line":83,"column":4}},"type":"if","locations":[{"start":{"line":81,"column":3},"end":{"line":83,"column":4}}]}},"s":{"0":2,"1":2,"2":13,"3":13,"4":7,"5":7,"6":2,"7":2,"8":2,"9":4,"10":4,"11":1,"12":3,"13":3,"14":3,"15":4,"16":4,"17":4,"18":1,"19":3,"20":3,"21":3,"22":4,"23":4,"24":1,"25":1,"26":1,"27":3,"28":3,"29":3,"30":2},"f":{"0":13,"1":7,"2":2,"3":4,"4":4,"5":4},"b":{"0":[1],"1":[1],"2":[1],"3":[1]}}
,"/Users/dennis.okeeffe/code/okeeffed/spike-testcontainers-jest/src/services/blog-service.ts": {"path":"/Users/dennis.okeeffe/code/okeeffed/spike-testcontainers-jest/src/services/blog-service.ts","statementMap":{"0":{"start":{"line":10,"column":2},"end":{"line":10,"column":39}},"1":{"start":{"line":11,"column":2},"end":{"line":11,"column":37}},"2":{"start":{"line":15,"column":17},"end":{"line":15,"column":58}},"3":{"start":{"line":17,"column":2},"end":{"line":19,"column":3}},"4":{"start":{"line":18,"column":3},"end":{"line":18,"column":null}},"5":{"start":{"line":22,"column":2},"end":{"line":25,"column":5}},"6":{"start":{"line":28,"column":2},"end":{"line":28,"column":16}},"7":{"start":{"line":32,"column":17},"end":{"line":32,"column":61}},"8":{"start":{"line":34,"column":2},"end":{"line":36,"column":3}},"9":{"start":{"line":35,"column":3},"end":{"line":35,"column":null}},"10":{"start":{"line":39,"column":2},"end":{"line":42,"column":5}},"11":{"start":{"line":44,"column":2},"end":{"line":44,"column":16}},"12":{"start":{"line":48,"column":2},"end":{"line":48,"column":42}},"13":{"start":{"line":52,"column":2},"end":{"line":52,"column":43}},"14":{"start":{"line":56,"column":2},"end":{"line":56,"column":43}},"15":{"start":{"line":5,"column":0},"end":{"line":5,"column":13}}},"fnMap":{"0":{"name":"(anonymous_0)","decl":{"start":{"line":9,"column":1},"end":{"line":9,"column":13}},"loc":{"start":{"line":9,"column":73},"end":{"line":12,"column":2}}},"1":{"name":"(anonymous_1)","decl":{"start":{"line":14,"column":1},"end":{"line":14,"column":6}},"loc":{"start":{"line":14,"column":47},"end":{"line":29,"column":2}}},"2":{"name":"(anonymous_2)","decl":{"start":{"line":31,"column":1},"end":{"line":31,"column":6}},"loc":{"start":{"line":31,"column":55},"end":{"line":45,"column":2}}},"3":{"name":"(anonymous_3)","decl":{"start":{"line":47,"column":1},"end":{"line":47,"column":6}},"loc":{"start":{"line":47,"column":43},"end":{"line":49,"column":2}}},"4":{"name":"(anonymous_4)","decl":{"start":{"line":51,"column":1},"end":{"line":51,"column":6}},"loc":{"start":{"line":51,"column":45},"end":{"line":53,"column":2}}},"5":{"name":"(anonymous_5)","decl":{"start":{"line":55,"column":1},"end":{"line":55,"column":6}},"loc":{"start":{"line":55,"column":18},"end":{"line":57,"column":2}}}},"branchMap":{"0":{"loc":{"start":{"line":17,"column":2},"end":{"line":19,"column":3}},"type":"if","locations":[{"start":{"line":17,"column":2},"end":{"line":19,"column":3}}]},"1":{"loc":{"start":{"line":34,"column":2},"end":{"line":36,"column":3}},"type":"if","locations":[{"start":{"line":34,"column":2},"end":{"line":36,"column":3}}]}},"s":{"0":5,"1":5,"2":3,"3":3,"4":0,"5":3,"6":3,"7":1,"8":1,"9":0,"10":1,"11":1,"12":1,"13":1,"14":1,"15":1},"f":{"0":5,"1":3,"2":1,"3":1,"4":1,"5":1},"b":{"0":[0],"1":[0]}}
}
