{"/Users/dennis.okeeffe/code/okeeffed/spike-testcontainers-jest/src/clients/records-client.ts": {"path":"/Users/dennis.okeeffe/code/okeeffed/spike-testcontainers-jest/src/clients/records-client.ts","statementMap":{"0":{"start":{"line":1,"column":0},"end":{"line":1,"column":44}},"1":{"start":{"line":2,"column":0},"end":{"line":2,"column":36}},"2":{"start":{"line":3,"column":0},"end":{"line":3,"column":51}},"3":{"start":{"line":22,"column":2},"end":{"line":33,"column":3}},"4":{"start":{"line":23,"column":18},"end":{"line":23,"column":98}},"5":{"start":{"line":24,"column":3},"end":{"line":26,"column":null}},"6":{"start":{"line":28,"column":3},"end":{"line":30,"column":4}},"7":{"start":{"line":29,"column":4},"end":{"line":29,"column":null}},"8":{"start":{"line":32,"column":3},"end":{"line":32,"column":null}},"9":{"start":{"line":15,"column":0},"end":{"line":15,"column":13}}},"fnMap":{"0":{"name":"(anonymous_9)","decl":{"start":{"line":21,"column":1},"end":{"line":21,"column":6}},"loc":{"start":{"line":21,"column":39},"end":{"line":34,"column":2}}}},"branchMap":{"0":{"loc":{"start":{"line":28,"column":3},"end":{"line":30,"column":4}},"type":"if","locations":[{"start":{"line":28,"column":3},"end":{"line":30,"column":4}}]}},"s":{"0":1,"1":1,"2":1,"3":2,"4":2,"5":2,"6":0,"7":0,"8":0,"9":1},"f":{"0":2},"b":{"0":[0]}}
,"/Users/dennis.okeeffe/code/okeeffed/spike-testcontainers-jest/src/errors/axios-error.ts": {"path":"/Users/dennis.okeeffe/code/okeeffed/spike-testcontainers-jest/src/errors/axios-error.ts","statementMap":{"0":{"start":{"line":4,"column":17},"end":{"line":4,"column":29}},"1":{"start":{"line":10,"column":2},"end":{"line":10,"column":19}},"2":{"start":{"line":11,"column":2},"end":{"line":11,"column":23}},"3":{"start":{"line":12,"column":2},"end":{"line":12,"column":25}},"4":{"start":{"line":3,"column":0},"end":{"line":3,"column":13}}},"fnMap":{"0":{"name":"(anonymous_0)","decl":{"start":{"line":9,"column":1},"end":{"line":9,"column":13}},"loc":{"start":{"line":9,"column":111},"end":{"line":13,"column":2}}}},"branchMap":{},"s":{"0":0,"1":0,"2":0,"3":0,"4":1},"f":{"0":0},"b":{}}
,"/Users/dennis.okeeffe/code/okeeffed/spike-testcontainers-jest/src/errors/blog-not-found-error.ts": {"path":"/Users/dennis.okeeffe/code/okeeffed/spike-testcontainers-jest/src/errors/blog-not-found-error.ts","statementMap":{"0":{"start":{"line":2,"column":17},"end":{"line":2,"column":36}},"1":{"start":{"line":6,"column":2},"end":{"line":6,"column":null}},"2":{"start":{"line":1,"column":0},"end":{"line":1,"column":13}}},"fnMap":{"0":{"name":"(anonymous_0)","decl":{"start":{"line":5,"column":1},"end":{"line":5,"column":13}},"loc":{"start":{"line":5,"column":23},"end":{"line":7,"column":2}}}},"branchMap":{},"s":{"0":2,"1":2,"2":2},"f":{"0":2},"b":{}}
,"/Users/dennis.okeeffe/code/okeeffed/spike-testcontainers-jest/src/lib/keyv.ts": {"path":"/Users/dennis.okeeffe/code/okeeffed/spike-testcontainers-jest/src/lib/keyv.ts","statementMap":{"0":{"start":{"line":6,"column":0},"end":{"line":6,"column":16}},"1":{"start":{"line":2,"column":0},"end":{"line":2,"column":42}},"2":{"start":{"line":4,"column":32},"end":{"line":4,"column":36}},"3":{"start":{"line":7,"column":1},"end":{"line":10,"column":2}},"4":{"start":{"line":9,"column":2},"end":{"line":9,"column":null}},"5":{"start":{"line":11,"column":1},"end":{"line":11,"column":21}}},"fnMap":{"0":{"name":"getKeyv","decl":{"start":{"line":6,"column":16},"end":{"line":6,"column":23}},"loc":{"start":{"line":6,"column":23},"end":{"line":12,"column":1}}}},"branchMap":{"0":{"loc":{"start":{"line":7,"column":1},"end":{"line":10,"column":2}},"type":"if","locations":[{"start":{"line":7,"column":1},"end":{"line":10,"column":2}}]}},"s":{"0":2,"1":2,"2":2,"3":32,"4":2,"5":32},"f":{"0":32},"b":{"0":[2]}}
,"/Users/dennis.okeeffe/code/okeeffed/spike-testcontainers-jest/src/lib/prisma.ts": {"path":"/Users/dennis.okeeffe/code/okeeffed/spike-testcontainers-jest/src/lib/prisma.ts","statementMap":{"0":{"start":{"line":1,"column":0},"end":{"line":1,"column":45}},"1":{"start":{"line":3,"column":13},"end":{"line":3,"column":null}}},"fnMap":{},"branchMap":{},"s":{"0":2,"1":2},"f":{},"b":{}}
,"/Users/dennis.okeeffe/code/okeeffed/spike-testcontainers-jest/src/repositories/blog-repository.ts": {"path":"/Users/dennis.okeeffe/code/okeeffed/spike-testcontainers-jest/src/repositories/blog-repository.ts","statementMap":{"0":{"start":{"line":3,"column":0},"end":{"line":3,"column":37}},"1":{"start":{"line":4,"column":0},"end":{"line":4,"column":115}},"2":{"start":{"line":5,"column":0},"end":{"line":5,"column":66}},"3":{"start":{"line":6,"column":0},"end":{"line":6,"column":33}},"4":{"start":{"line":14,"column":2},"end":{"line":14,"column":39}},"5":{"start":{"line":15,"column":2},"end":{"line":15,"column":33}},"6":{"start":{"line":19,"column":15},"end":{"line":25,"column":4}},"7":{"start":{"line":27,"column":2},"end":{"line":27,"column":18}},"8":{"start":{"line":31,"column":2},"end":{"line":31,"column":50}},"9":{"start":{"line":33,"column":15},"end":{"line":40,"column":4}},"10":{"start":{"line":42,"column":2},"end":{"line":42,"column":18}},"11":{"start":{"line":46,"column":23},"end":{"line":46,"column":67}},"12":{"start":{"line":47,"column":2},"end":{"line":49,"column":3}},"13":{"start":{"line":48,"column":3},"end":{"line":48,"column":74}},"14":{"start":{"line":51,"column":15},"end":{"line":55,"column":4}},"15":{"start":{"line":57,"column":2},"end":{"line":59,"column":3}},"16":{"start":{"line":58,"column":3},"end":{"line":58,"column":null}},"17":{"start":{"line":61,"column":2},"end":{"line":61,"column":84}},"18":{"start":{"line":62,"column":2},"end":{"line":62,"column":46}},"19":{"start":{"line":66,"column":14},"end":{"line":66,"column":52}},"20":{"start":{"line":67,"column":23},"end":{"line":67,"column":54}},"21":{"start":{"line":68,"column":2},"end":{"line":70,"column":3}},"22":{"start":{"line":69,"column":3},"end":{"line":69,"column":66}},"23":{"start":{"line":72,"column":16},"end":{"line":76,"column":4}},"24":{"start":{"line":78,"column":2},"end":{"line":78,"column":72}},"25":{"start":{"line":79,"column":2},"end":{"line":79,"column":47}},"26":{"start":{"line":83,"column":23},"end":{"line":83,"column":61}},"27":{"start":{"line":84,"column":2},"end":{"line":90,"column":3}},"28":{"start":{"line":85,"column":24},"end":{"line":85,"column":96}},"29":{"start":{"line":87,"column":3},"end":{"line":89,"column":4}},"30":{"start":{"line":88,"column":4},"end":{"line":88,"column":60}},"31":{"start":{"line":92,"column":19},"end":{"line":92,"column":62}},"32":{"start":{"line":93,"column":2},"end":{"line":93,"column":87}},"33":{"start":{"line":94,"column":2},"end":{"line":94,"column":50}},"34":{"start":{"line":9,"column":0},"end":{"line":9,"column":13}}},"fnMap":{"0":{"name":"(anonymous_1)","decl":{"start":{"line":13,"column":1},"end":{"line":13,"column":13}},"loc":{"start":{"line":13,"column":65},"end":{"line":16,"column":2}}},"1":{"name":"(anonymous_2)","decl":{"start":{"line":18,"column":1},"end":{"line":18,"column":6}},"loc":{"start":{"line":18,"column":47},"end":{"line":28,"column":2}}},"2":{"name":"(anonymous_3)","decl":{"start":{"line":30,"column":1},"end":{"line":30,"column":6}},"loc":{"start":{"line":30,"column":55},"end":{"line":43,"column":2}}},"3":{"name":"(anonymous_4)","decl":{"start":{"line":45,"column":1},"end":{"line":45,"column":6}},"loc":{"start":{"line":45,"column":43},"end":{"line":63,"column":2}}},"4":{"name":"(anonymous_5)","decl":{"start":{"line":65,"column":1},"end":{"line":65,"column":6}},"loc":{"start":{"line":65,"column":45},"end":{"line":80,"column":2}}},"5":{"name":"(anonymous_6)","decl":{"start":{"line":82,"column":1},"end":{"line":82,"column":6}},"loc":{"start":{"line":82,"column":18},"end":{"line":95,"column":2}}}},"branchMap":{"0":{"loc":{"start":{"line":47,"column":2},"end":{"line":49,"column":3}},"type":"if","locations":[{"start":{"line":47,"column":2},"end":{"line":49,"column":3}}]},"1":{"loc":{"start":{"line":57,"column":2},"end":{"line":59,"column":3}},"type":"if","locations":[{"start":{"line":57,"column":2},"end":{"line":59,"column":3}}]},"2":{"loc":{"start":{"line":68,"column":2},"end":{"line":70,"column":3}},"type":"if","locations":[{"start":{"line":68,"column":2},"end":{"line":70,"column":3}}]},"3":{"loc":{"start":{"line":84,"column":2},"end":{"line":90,"column":3}},"type":"if","locations":[{"start":{"line":84,"column":2},"end":{"line":90,"column":3}}]},"4":{"loc":{"start":{"line":87,"column":3},"end":{"line":89,"column":4}},"type":"if","locations":[{"start":{"line":87,"column":3},"end":{"line":89,"column":4}}]}},"s":{"0":2,"1":2,"2":2,"3":2,"4":15,"5":15,"6":3,"7":3,"8":2,"9":2,"10":2,"11":6,"12":6,"13":1,"14":5,"15":5,"16":2,"17":3,"18":3,"19":4,"20":4,"21":4,"22":1,"23":3,"24":3,"25":3,"26":4,"27":4,"28":1,"29":1,"30":1,"31":3,"32":3,"33":3,"34":2},"f":{"0":15,"1":3,"2":2,"3":6,"4":4,"5":4},"b":{"0":[1],"1":[2],"2":[1],"3":[1],"4":[1]}}
,"/Users/dennis.okeeffe/code/okeeffed/spike-testcontainers-jest/src/services/blog-service.ts": {"path":"/Users/dennis.okeeffe/code/okeeffed/spike-testcontainers-jest/src/services/blog-service.ts","statementMap":{"0":{"start":{"line":11,"column":2},"end":{"line":11,"column":39}},"1":{"start":{"line":12,"column":2},"end":{"line":12,"column":37}},"2":{"start":{"line":16,"column":17},"end":{"line":16,"column":58}},"3":{"start":{"line":18,"column":2},"end":{"line":21,"column":5}},"4":{"start":{"line":24,"column":2},"end":{"line":24,"column":16}},"5":{"start":{"line":28,"column":17},"end":{"line":28,"column":61}},"6":{"start":{"line":32,"column":2},"end":{"line":35,"column":5}},"7":{"start":{"line":37,"column":2},"end":{"line":37,"column":16}},"8":{"start":{"line":41,"column":2},"end":{"line":41,"column":42}},"9":{"start":{"line":45,"column":2},"end":{"line":45,"column":43}},"10":{"start":{"line":49,"column":2},"end":{"line":49,"column":43}},"11":{"start":{"line":6,"column":0},"end":{"line":6,"column":13}}},"fnMap":{"0":{"name":"(anonymous_0)","decl":{"start":{"line":10,"column":1},"end":{"line":10,"column":13}},"loc":{"start":{"line":10,"column":73},"end":{"line":13,"column":2}}},"1":{"name":"(anonymous_1)","decl":{"start":{"line":15,"column":1},"end":{"line":15,"column":6}},"loc":{"start":{"line":15,"column":47},"end":{"line":25,"column":2}}},"2":{"name":"(anonymous_2)","decl":{"start":{"line":27,"column":1},"end":{"line":27,"column":6}},"loc":{"start":{"line":27,"column":55},"end":{"line":38,"column":2}}},"3":{"name":"(anonymous_3)","decl":{"start":{"line":40,"column":1},"end":{"line":40,"column":6}},"loc":{"start":{"line":40,"column":43},"end":{"line":42,"column":2}}},"4":{"name":"(anonymous_4)","decl":{"start":{"line":44,"column":1},"end":{"line":44,"column":6}},"loc":{"start":{"line":44,"column":45},"end":{"line":46,"column":2}}},"5":{"name":"(anonymous_5)","decl":{"start":{"line":48,"column":1},"end":{"line":48,"column":6}},"loc":{"start":{"line":48,"column":18},"end":{"line":50,"column":2}}}},"branchMap":{},"s":{"0":6,"1":6,"2":1,"3":1,"4":1,"5":1,"6":1,"7":1,"8":2,"9":1,"10":1,"11":1},"f":{"0":6,"1":1,"2":1,"3":2,"4":1,"5":1},"b":{}}
}
