TN:
SF:src/clients/records-client.ts
FN:21,(anonymous_9)
FNF:1
FNH:1
FNDA:4,(anonymous_9)
DA:1,1
DA:2,1
DA:3,1
DA:15,1
DA:22,4
DA:23,4
DA:24,4
DA:28,0
DA:29,0
DA:32,0
LF:10
LH:7
BRDA:28,0,0,0
BRF:1
BRH:0
end_of_record
TN:
SF:src/errors/axios-error.ts
FN:9,(anonymous_0)
FNF:1
FNH:0
FNDA:0,(anonymous_0)
DA:3,1
DA:4,0
DA:10,0
DA:11,0
DA:12,0
LF:5
LH:1
BRF:0
BRH:0
end_of_record
TN:
SF:src/lib/keyv.ts
FN:6,getKeyv
FNF:1
FNH:1
FNDA:28,getKeyv
DA:2,2
DA:4,2
DA:6,2
DA:7,28
DA:9,2
DA:11,28
LF:6
LH:6
BRDA:7,0,0,2
BRF:1
BRH:1
end_of_record
TN:
SF:src/lib/prisma.ts
FNF:0
FNH:0
DA:1,2
DA:3,2
LF:2
LH:2
BRF:0
BRH:0
end_of_record
TN:
SF:src/repositories/blog-repository.ts
FN:11,(anonymous_0)
FN:16,(anonymous_1)
FN:28,(anonymous_2)
FN:43,(anonymous_3)
FN:59,(anonymous_4)
FN:76,(anonymous_5)
FNF:6
FNH:6
FNDA:13,(anonymous_0)
FNDA:7,(anonymous_1)
FNDA:2,(anonymous_2)
FNDA:4,(anonymous_3)
FNDA:4,(anonymous_4)
FNDA:4,(anonymous_5)
DA:3,2
DA:4,2
DA:7,2
DA:12,13
DA:13,13
DA:17,7
DA:25,7
DA:29,2
DA:31,2
DA:40,2
DA:44,4
DA:45,4
DA:46,1
DA:49,3
DA:55,3
DA:56,3
DA:60,4
DA:61,4
DA:62,4
DA:63,1
DA:66,3
DA:72,3
DA:73,3
DA:77,4
DA:78,4
DA:79,1
DA:81,1
DA:82,1
DA:86,3
DA:87,3
DA:88,3
LF:31
LH:31
BRDA:45,0,0,1
BRDA:62,1,0,1
BRDA:78,2,0,1
BRDA:81,3,0,1
BRF:4
BRH:4
end_of_record
TN:
SF:src/services/blog-service.ts
FN:9,(anonymous_0)
FN:14,(anonymous_1)
FN:31,(anonymous_2)
FN:47,(anonymous_3)
FN:51,(anonymous_4)
FN:55,(anonymous_5)
FNF:6
FNH:6
FNDA:5,(anonymous_0)
FNDA:3,(anonymous_1)
FNDA:1,(anonymous_2)
FNDA:1,(anonymous_3)
FNDA:1,(anonymous_4)
FNDA:1,(anonymous_5)
DA:5,1
DA:10,5
DA:11,5
DA:15,3
DA:17,3
DA:18,0
DA:22,3
DA:28,3
DA:32,1
DA:34,1
DA:35,0
DA:39,1
DA:44,1
DA:48,1
DA:52,1
DA:56,1
LF:16
LH:14
BRDA:17,0,0,0
BRDA:34,1,0,0
BRF:2
BRH:0
end_of_record
