TN:
SF:src/clients/records-client.ts
FN:21,(anonymous_9)
FNF:1
FNH:1
FNDA:2,(anonymous_9)
DA:1,1
DA:2,1
DA:3,1
DA:15,1
DA:22,2
DA:23,2
DA:24,2
DA:28,0
DA:29,0
DA:32,0
LF:10
LH:7
BRDA:28,0,0,0
BRF:1
BRH:0
end_of_record
TN:
SF:src/errors/axios-error.ts
FN:9,(anonymous_0)
FNF:1
FNH:0
FNDA:0,(anonymous_0)
DA:3,1
DA:4,0
DA:10,0
DA:11,0
DA:12,0
LF:5
LH:1
BRF:0
BRH:0
end_of_record
TN:
SF:src/errors/blog-not-found-error.ts
FN:5,(anonymous_0)
FNF:1
FNH:1
FNDA:2,(anonymous_0)
DA:1,2
DA:2,2
DA:6,2
LF:3
LH:3
BRF:0
BRH:0
end_of_record
TN:
SF:src/lib/keyv.ts
FN:6,getKeyv
FNF:1
FNH:1
FNDA:32,getKeyv
DA:2,2
DA:4,2
DA:6,2
DA:7,32
DA:9,2
DA:11,32
LF:6
LH:6
BRDA:7,0,0,2
BRF:1
BRH:1
end_of_record
TN:
SF:src/lib/prisma.ts
FNF:0
FNH:0
DA:1,2
DA:3,2
LF:2
LH:2
BRF:0
BRH:0
end_of_record
TN:
SF:src/repositories/blog-repository.ts
FN:13,(anonymous_1)
FN:18,(anonymous_2)
FN:30,(anonymous_3)
FN:45,(anonymous_4)
FN:65,(anonymous_5)
FN:82,(anonymous_6)
FNF:6
FNH:6
FNDA:15,(anonymous_1)
FNDA:3,(anonymous_2)
FNDA:2,(anonymous_3)
FNDA:6,(anonymous_4)
FNDA:4,(anonymous_5)
FNDA:4,(anonymous_6)
DA:3,2
DA:4,2
DA:5,2
DA:6,2
DA:9,2
DA:14,15
DA:15,15
DA:19,3
DA:27,3
DA:31,2
DA:33,2
DA:42,2
DA:46,6
DA:47,6
DA:48,1
DA:51,5
DA:57,5
DA:58,2
DA:61,3
DA:62,3
DA:66,4
DA:67,4
DA:68,4
DA:69,1
DA:72,3
DA:78,3
DA:79,3
DA:83,4
DA:84,4
DA:85,1
DA:87,1
DA:88,1
DA:92,3
DA:93,3
DA:94,3
LF:35
LH:35
BRDA:47,0,0,1
BRDA:57,1,0,2
BRDA:68,2,0,1
BRDA:84,3,0,1
BRDA:87,4,0,1
BRF:5
BRH:5
end_of_record
TN:
SF:src/services/blog-service.ts
FN:10,(anonymous_0)
FN:15,(anonymous_1)
FN:27,(anonymous_2)
FN:40,(anonymous_3)
FN:44,(anonymous_4)
FN:48,(anonymous_5)
FNF:6
FNH:6
FNDA:6,(anonymous_0)
FNDA:1,(anonymous_1)
FNDA:1,(anonymous_2)
FNDA:2,(anonymous_3)
FNDA:1,(anonymous_4)
FNDA:1,(anonymous_5)
DA:6,1
DA:11,6
DA:12,6
DA:16,1
DA:18,1
DA:24,1
DA:28,1
DA:32,1
DA:37,1
DA:41,2
DA:45,1
DA:49,1
LF:12
LH:12
BRF:0
BRH:0
end_of_record
